2026-02-10T20:25:06:    ▲ Next.js 15.5.12
2026-02-10T20:25:06:    - Local:        http://localhost:3000
2026-02-10T20:25:06:    - Network:      http://192.168.1.74:3000
2026-02-10T20:25:06: 
2026-02-10T20:25:06:  ✓ Starting...
2026-02-10T20:25:06:  ✓ Ready in 891ms
2026-02-10T20:25:51:    ▲ Next.js 15.5.12
2026-02-10T20:25:51:    - Local:        http://localhost:3015
2026-02-10T20:25:51:    - Network:      http://192.168.1.74:3015
2026-02-10T20:25:51: 
2026-02-10T20:25:51:  ✓ Starting...
2026-02-10T20:25:52:  ✓ Ready in 1206ms
2026-02-10T20:43:31:    ▲ Next.js 15.5.12
2026-02-10T20:43:31:    - Local:        http://localhost:3015
2026-02-10T20:43:31:    - Network:      http://192.168.1.74:3015
2026-02-10T20:43:31: 
2026-02-10T20:43:31:  ✓ Starting...
2026-02-10T20:43:31:  ✓ Ready in 451ms
2026-02-10T20:50:48:    ▲ Next.js 15.5.12
2026-02-10T20:50:48:    - Local:        http://localhost:3015
2026-02-10T20:50:48:    - Network:      http://192.168.1.74:3015
2026-02-10T20:50:48: 
2026-02-10T20:50:48:  ✓ Starting...
2026-02-10T20:50:48:  ✓ Ready in 438ms
2026-02-10T20:57:35:    ▲ Next.js 15.5.12
2026-02-10T20:57:35:    - Local:        http://localhost:3015
2026-02-10T20:57:35:    - Network:      http://192.168.1.74:3015
2026-02-10T20:57:35: 
2026-02-10T20:57:35:  ✓ Starting...
2026-02-10T20:57:36:  ✓ Ready in 389ms
2026-02-10T20:59:13:    ▲ Next.js 15.5.12
2026-02-10T20:59:13:    - Local:        http://localhost:3015
2026-02-10T20:59:13:    - Network:      http://192.168.1.74:3015
2026-02-10T20:59:13: 
2026-02-10T20:59:13:  ✓ Starting...
2026-02-10T20:59:13:  ✓ Ready in 513ms
2026-02-10T21:08:12:    ▲ Next.js 15.5.12
2026-02-10T21:08:12:    - Local:        http://localhost:3015
2026-02-10T21:08:12:    - Network:      http://192.168.1.74:3015
2026-02-10T21:08:12: 
2026-02-10T21:08:12:  ✓ Starting...
2026-02-10T21:08:13:  ✓ Ready in 599ms
2026-02-10T21:12:42:    ▲ Next.js 15.5.12
2026-02-10T21:12:42:    - Local:        http://localhost:3015
2026-02-10T21:12:42:    - Network:      http://192.168.1.74:3015
2026-02-10T21:12:42: 
2026-02-10T21:12:42:  ✓ Starting...
2026-02-10T21:12:43:  ✓ Ready in 423ms
2026-02-10T21:33:02:    ▲ Next.js 15.5.12
2026-02-10T21:33:02:    - Local:        http://localhost:3015
2026-02-10T21:33:02:    - Network:      http://192.168.1.74:3015
2026-02-10T21:33:02: 
2026-02-10T21:33:02:  ✓ Starting...
2026-02-10T21:33:03:  ✓ Ready in 477ms
2026-02-10T22:05:42:    ▲ Next.js 15.5.12
2026-02-10T22:05:42:    - Local:        http://localhost:3016
2026-02-10T22:05:42:    - Network:      http://192.168.1.74:3016
2026-02-10T22:05:42: 
2026-02-10T22:05:42:  ✓ Starting...
2026-02-10T22:05:43:  ✓ Ready in 639ms
2026-02-11T10:24:37:    ▲ Next.js 15.5.12
2026-02-11T10:24:37:    - Local:        http://localhost:3016
2026-02-11T10:24:37:    - Network:      http://192.168.8.29:3016
2026-02-11T10:24:37: 
2026-02-11T10:24:37:  ✓ Starting...
2026-02-11T10:24:38:  ✓ Ready in 501ms
2026-02-11T11:01:40:    ▲ Next.js 15.5.12
2026-02-11T11:01:40:    - Local:        http://localhost:3016
2026-02-11T11:01:40:    - Network:      http://192.168.8.29:3016
2026-02-11T11:01:40: 
2026-02-11T11:01:40:  ✓ Starting...
2026-02-11T11:01:41:  ✓ Ready in 873ms
2026-02-11T11:05:44:    ▲ Next.js 15.5.12
2026-02-11T11:05:44:    - Local:        http://localhost:3016
2026-02-11T11:05:44:    - Network:      http://192.168.8.29:3016
2026-02-11T11:05:44: 
2026-02-11T11:05:44:  ✓ Starting...
2026-02-11T11:05:45:  ✓ Ready in 434ms
